<?xml version="1.0" encoding="utf-8"?><testsuites name="pytest tests"><testsuite name="pytest" errors="0" failures="0" skipped="0" tests="9" time="7.621" timestamp="2026-08-19T07:39:54.909745+00:00" hostname="agent-env-a19bfa37-6a69-4241-ae55-ce119bf57de7"><testcase classname="tests.test_retest_iter2" name="test_partner1_activation_returns_200_and_json" time="0.300" /><testcase classname="tests.test_retest_iter2" name="test_partner2_activation_returns_200" time="0.371" /><testcase classname="tests.test_retest_iter2" name="test_third_user_gets_409" time="0.504" /><testcase classname="tests.test_retest_iter2" name="test_ai_chat_streams_text" time="3.021" /><testcase classname="tests.test_retest_iter2" name="test_cross_tenant_checklist" time="0.793" /><testcase classname="tests.test_retest_iter2" name="test_cross_tenant_budget" time="0.400" /><testcase classname="tests.test_retest_iter2" name="test_cross_tenant_guests" time="0.410" /><testcase classname="tests.test_retest_iter2" name="test_cross_tenant_vendors" time="0.346" /><testcase classname="tests.test_retest_iter2" name="test_cross_tenant_timeline" time="0.314" /></testsuite></testsuites>