<?xml version="1.0" encoding="utf-8"?><testsuites name="pytest tests"><testsuite name="pytest" errors="0" failures="0" skipped="0" tests="5" time="14.127" timestamp="2026-08-19T09:02:19.171920+00:00" hostname="agent-env-a19bfa37-6a69-4241-ae55-ce119bf57de7"><testcase classname="tests.test_iter9" name="test_admin_generate_token" time="3.676" /><testcase classname="tests.test_iter9" name="test_admin_activates_new_token_no_409" time="0.937" /><testcase classname="tests.test_iter9" name="test_new_user_activates_same_token_becomes_partner2" time="0.623" /><testcase classname="tests.test_iter9" name="test_third_user_activation_returns_409" time="0.540" /><testcase classname="tests.test_iter9" name="test_ai_chat_accepts_lang_field" time="7.742" /></testsuite></testsuites>